Assuming unrestricted shared filesystem usage.
host: wirelessprv-10-193-173-36.near.illinois.edu
Building DAG of jobs...
Using shell: /bin/bash
Provided cores: 1 (use --cores to define parallelism)
Rules claiming more threads will be scaled down.
Job stats:
job          count
---------  -------
all              1
plot_data        1
total            2

Select jobs to execute...
Execute 1 jobs...
[Wed Dec  3 16:21:27 2025]
localrule plot_data:
    input: data/processed/merged_df.csv
    output: data/processed/performance_chart.png
    jobid: 5
    reason: Missing output files: data/processed/performance_chart.png
    resources: tmpdir=/var/folders/vx/tdx7885s7g58xxw5fkccpgsr0000gn/T
Traceback (most recent call last):

  File "/Library/Frameworks/Python.framework/Versions/3.11/lib/python3.11/site-packages/snakemake/executors/local.py", line 233, in spawn_job
    subprocess.check_call(cmd, shell=True)

  File "/Library/Frameworks/Python.framework/Versions/3.11/lib/python3.11/subprocess.py", line 413, in check_call
    raise CalledProcessError(retcode, cmd)

subprocess.CalledProcessError: Command 'cd /Users/emma/Desktop/IS-477-Project && /Library/Frameworks/Python.framework/Versions/3.11/bin/python3.11 -m snakemake --snakefile '/Users/emma/Desktop/IS-477-Project/Snakefile' --target-jobs 'plot_data:' --allowed-rules plot_data --cores 1 --attempt 1 --force-use-threads  --force --target-files-omit-workdir-adjustment --max-inventory-time 0 --retries 0 --nocolor --no-hooks --nolock --ignore-incomplete --rerun-triggers software-env mtime params input code --conda-frontend 'conda' --shared-fs-usage storage-local-copies input-output persistence sources software-deployment source-cache --wrapper-prefix 'https://github.com/snakemake/snakemake-wrappers/raw/' --latency-wait 5 --scheduler 'ilp' --local-storage-prefix base64//LnNuYWtlbWFrZS9zdG9yYWdl --scheduler-solver-path '/Library/Frameworks/Python.framework/Versions/3.11/bin' --runtime-source-cache-path '/Users/emma/Library/Caches/snakemake/snakemake/source-cache/runtime-cache/tmpwh9pjkhc' --default-resources base64//dG1wZGlyPXN5c3RlbV90bXBkaXI= --quiet progress rules host --mode 'subprocess' --local-groupid 'local'' returned non-zero exit status 134.


During handling of the above exception, another exception occurred:


Traceback (most recent call last):

  File "/Library/Frameworks/Python.framework/Versions/3.11/lib/python3.11/concurrent/futures/thread.py", line 58, in run
    result = self.fn(*self.args, **self.kwargs)
             ^^^^^^^^^^^^^^^^^^^^^^^^^^^^^^^^^^

  File "/Library/Frameworks/Python.framework/Versions/3.11/lib/python3.11/site-packages/snakemake/executors/local.py", line 248, in cached_or_run
    run_func(*args)

  File "/Library/Frameworks/Python.framework/Versions/3.11/lib/python3.11/site-packages/snakemake/executors/local.py", line 235, in spawn_job
    raise SpawnedJobError()

snakemake.exceptions.SpawnedJobError

[Wed Dec  3 16:21:27 2025]
Error in rule plot_data:
    message: None
    jobid: 5
    input: data/processed/merged_df.csv
    output: data/processed/performance_chart.png
Shutting down, this might take some time.
Exiting because a job execution failed. Look below for error messages
[Wed Dec  3 16:21:27 2025]
Error in rule plot_data:
    message: None
    jobid: 5
    input: data/processed/merged_df.csv
    output: data/processed/performance_chart.png
Complete log(s): /Users/emma/Desktop/IS-477-Project/.snakemake/log/2025-12-03T162126.468668.snakemake.log
WorkflowError:
At least one job did not complete successfully.
