Assuming unrestricted shared filesystem usage.
host: RAAAAA-CHOMP.lan
Building DAG of jobs...
Using shell: /bin/bash
Provided cores: 8
Rules claiming more threads will be scaled down.
Job stats:
job                    count
-------------------  -------
all                        1
run_regression_test        1
total                      2

Select jobs to execute...
Execute 1 jobs...
[Sun Dec  7 01:14:55 2025]
localrule run_regression_test:
    input: data/checksums/merged_df.sha
    output: data/checksums/regression_test_result.txt
    jobid: 7
    reason: Missing output files: data/checksums/regression_test_result.txt; Code has changed since last execution
    resources: tmpdir=/var/folders/vx/tdx7885s7g58xxw5fkccpgsr0000gn/T
Traceback (most recent call last):

  File "/Library/Frameworks/Python.framework/Versions/3.11/lib/python3.11/site-packages/snakemake/executors/local.py", line 233, in spawn_job
    subprocess.check_call(cmd, shell=True)

  File "/Library/Frameworks/Python.framework/Versions/3.11/lib/python3.11/subprocess.py", line 413, in check_call
    raise CalledProcessError(retcode, cmd)

subprocess.CalledProcessError: Command 'cd /Users/emma/Desktop/IS-477-Project && /Library/Frameworks/Python.framework/Versions/3.11/bin/python3.11 -m snakemake --snakefile '/Users/emma/Desktop/IS-477-Project/Snakefile' --target-jobs 'run_regression_test:' --allowed-rules run_regression_test --cores 8 --attempt 1 --force-use-threads  --force --target-files-omit-workdir-adjustment --max-inventory-time 0 --retries 0 --nocolor --no-hooks --nolock --ignore-incomplete --rerun-triggers code params mtime input software-env --conda-frontend 'conda' --shared-fs-usage storage-local-copies input-output software-deployment source-cache persistence sources --wrapper-prefix 'https://github.com/snakemake/snakemake-wrappers/raw/' --latency-wait 5 --scheduler 'ilp' --local-storage-prefix base64//LnNuYWtlbWFrZS9zdG9yYWdl --scheduler-solver-path '/Library/Frameworks/Python.framework/Versions/3.11/bin' --runtime-source-cache-path '/Users/emma/Library/Caches/snakemake/snakemake/source-cache/runtime-cache/tmp8swmc5xf' --default-resources base64//dG1wZGlyPXN5c3RlbV90bXBkaXI= --quiet progress rules host --mode 'subprocess' --local-groupid 'local'' returned non-zero exit status 1.


During handling of the above exception, another exception occurred:


Traceback (most recent call last):

  File "/Library/Frameworks/Python.framework/Versions/3.11/lib/python3.11/concurrent/futures/thread.py", line 58, in run
    result = self.fn(*self.args, **self.kwargs)
             ^^^^^^^^^^^^^^^^^^^^^^^^^^^^^^^^^^

  File "/Library/Frameworks/Python.framework/Versions/3.11/lib/python3.11/site-packages/snakemake/executors/local.py", line 248, in cached_or_run
    run_func(*args)

  File "/Library/Frameworks/Python.framework/Versions/3.11/lib/python3.11/site-packages/snakemake/executors/local.py", line 235, in spawn_job
    raise SpawnedJobError()

snakemake.exceptions.SpawnedJobError

[Sun Dec  7 01:14:57 2025]
Error in rule run_regression_test:
    message: None
    jobid: 7
    input: data/checksums/merged_df.sha
    output: data/checksums/regression_test_result.txt
Shutting down, this might take some time.
Exiting because a job execution failed. Look below for error messages
[Sun Dec  7 01:14:57 2025]
Error in rule run_regression_test:
    message: None
    jobid: 7
    input: data/checksums/merged_df.sha
    output: data/checksums/regression_test_result.txt
Complete log(s): /Users/emma/Desktop/IS-477-Project/.snakemake/log/2025-12-07T011454.616995.snakemake.log
WorkflowError:
At least one job did not complete successfully.
